Change Dir: /home/pcooksey/TREX-WaveGlider/build/CMakeFiles/CMakeTmp

Run Build Command:/usr/bin/make "cmTryCompileExec/fast"
/usr/bin/make -f CMakeFiles/cmTryCompileExec.dir/build.make CMakeFiles/cmTryCompileExec.dir/build
make[1]: Entering directory `/home/pcooksey/TREX-WaveGlider/build/CMakeFiles/CMakeTmp'
/usr/bin/cmake -E cmake_progress_report /home/pcooksey/TREX-WaveGlider/build/CMakeFiles/CMakeTmp/CMakeFiles 1
Building CXX object CMakeFiles/cmTryCompileExec.dir/europa_26.cc.o
/usr/bin/c++    -I/home/pcooksey/europa/include -o CMakeFiles/cmTryCompileExec.dir/europa_26.cc.o -c /home/pcooksey/TREX-WaveGlider/build/europa_26.cc
In file included from /usr/include/c++/4.6/ext/hash_map:61:0,
                 from /home/pcooksey/europa/include/PLASMA/hash_map.hh:13,
                 from /home/pcooksey/europa/include/PLASMA/Number.hh:11,
                 from /home/pcooksey/europa/include/PLASMA/CommonDefs.hh:14,
                 from /home/pcooksey/europa/include/PLASMA/ConstraintEngineDefs.hh:8,
                 from /home/pcooksey/europa/include/PLASMA/PlanDatabaseDefs.hh:4,
                 from /home/pcooksey/europa/include/PLASMA/Token.hh:8,
                 from /home/pcooksey/TREX-WaveGlider/build/europa_26.cc:1:
/usr/include/c++/4.6/backward/backward_warning.h:33:2: warning: #warning This file includes at least one deprecated or antiquated header which may be removed without further notice at a future date. Please use a non-deprecated interface with equivalent functionality instead. For a listing of replacement headers and interfaces, consult the file backward_warning.h. To disable this warning use -Wno-deprecated. [-Wcpp]
Linking CXX executable cmTryCompileExec
/usr/bin/cmake -E cmake_link_script CMakeFiles/cmTryCompileExec.dir/link.txt --verbose=1
/usr/bin/c++          CMakeFiles/cmTryCompileExec.dir/europa_26.cc.o  -o cmTryCompileExec -rdynamic 
make[1]: Leaving directory `/home/pcooksey/TREX-WaveGlider/build/CMakeFiles/CMakeTmp'
